2023-01-13 14:12:50,816 [Worker-1: Loading available Gradle versions] INFO  o.e.b.c.i.u.g.PublishedGradleVersions - Gradle version information cache is up-to-date. Trying to read.
2023-01-13 15:34:42,031 [Worker-40: Update Maven projects configuration] INFO  o.e.m.c.i.p.ProjectConfigurationManager - Update started
2023-01-13 15:34:45,685 [Worker-40: Update Maven projects configuration] INFO  o.e.m.c.i.l.LifecycleMappingFactory - Using org.maven.ide.eclipse.wtp.WarLifecycleMapping lifecycle mapping for MavenProject: com.okta.developer:ADP_Capstone:0.0.1-SNAPSHOT @ C:\Users\DiamondBrown\OneDrive - Xpanxion\Documents\GitHub\Stack-Pack-Empire\ADP_Capstone\pom.xml.
2023-01-13 15:34:48,026 [Worker-40: Update Maven projects configuration] INFO  o.e.m.j.i.AbstractJavaProjectConfigurator - Adding source folder /ADP_Capstone/src/main/java
2023-01-13 15:34:48,028 [Worker-40: Update Maven projects configuration] INFO  o.e.m.j.i.AbstractJavaProjectConfigurator - Adding resource folder /ADP_Capstone/src/main/resources
2023-01-13 15:34:48,044 [Worker-40: Update Maven projects configuration] INFO  o.e.m.j.i.AbstractJavaProjectConfigurator - Adding resource folder /ADP_Capstone/src/main/resources
2023-01-13 15:34:48,057 [Worker-40: Update Maven projects configuration] INFO  o.e.m.j.i.AbstractJavaProjectConfigurator - Adding source folder /ADP_Capstone/src/test/java
2023-01-13 15:34:56,388 [Worker-40: Update Maven projects configuration] INFO  o.e.m.c.i.p.ProjectConfigurationManager - Update completed for 1 poms: local refresh takes 0.00 sec, refresh facades takes 5.00 sec, update config takes 8.00 sec 
2023-01-13 16:17:27,158 [Worker-58: Building] INFO  o.e.m.c.i.l.LifecycleMappingFactory - Using org.maven.ide.eclipse.wtp.WarLifecycleMapping lifecycle mapping for MavenProject: com.okta.developer:ADP_Capstone:0.0.1-SNAPSHOT @ C:\Users\DiamondBrown\OneDrive - Xpanxion\Documents\GitHub\Stack-Pack-Empire\ADP_Capstone\pom.xml.
2023-01-13 16:17:28,599 [Worker-58: Building] INFO  o.a.m.s.f.DefaultMavenResourcesFiltering - Copying 0 resource
2023-01-13 16:17:28,602 [Worker-58: Building] INFO  o.a.m.s.f.DefaultMavenResourcesFiltering - Copying 0 resource
2023-01-13 16:17:28,614 [Worker-58: Building] INFO  o.a.m.s.f.DefaultMavenResourcesFiltering - skip non existing resourceDirectory C:\Users\DiamondBrown\OneDrive - Xpanxion\Documents\GitHub\Stack-Pack-Empire\ADP_Capstone\src\test\resources
2023-01-13 16:17:28,616 [Worker-58: Building] INFO  o.e.m.w.i.f.ResourceFilteringBuildParticipant - Changed resources require a complete clean of filtered resources of ADP_Capstone
2023-01-13 16:17:28,620 [Worker-58: Building] INFO  o.e.m.w.i.f.ResourceFilteringBuildParticipant - Executing resource filtering for ADP_Capstone
2023-01-13 16:17:29,727 [Worker-60: Building] INFO  o.a.m.s.f.DefaultMavenResourcesFiltering - Copying 1 resource
2023-01-13 16:17:29,770 [Worker-60: Building] INFO  o.a.m.s.f.DefaultMavenResourcesFiltering - Copying 0 resource
2023-01-13 16:17:29,778 [Worker-60: Building] INFO  o.a.m.s.f.DefaultMavenResourcesFiltering - skip non existing resourceDirectory C:\Users\DiamondBrown\OneDrive - Xpanxion\Documents\GitHub\Stack-Pack-Empire\ADP_Capstone\src\test\resources
2023-01-13 16:19:49,679 [Worker-47: Building] INFO  o.a.m.s.f.DefaultMavenResourcesFiltering - Copying 1 resource
2023-01-13 16:19:49,691 [Worker-47: Building] INFO  o.a.m.s.f.DefaultMavenResourcesFiltering - Copying 0 resource
2023-01-13 16:19:49,698 [Worker-47: Building] INFO  o.a.m.s.f.DefaultMavenResourcesFiltering - skip non existing resourceDirectory C:\Users\DiamondBrown\OneDrive - Xpanxion\Documents\GitHub\Stack-Pack-Empire\ADP_Capstone\src\test\resources
2023-01-13 16:19:50,813 [Worker-59: Building] INFO  o.a.m.s.f.DefaultMavenResourcesFiltering - Copying 1 resource
2023-01-13 16:19:50,859 [Worker-59: Building] INFO  o.a.m.s.f.DefaultMavenResourcesFiltering - Copying 0 resource
2023-01-13 16:19:50,871 [Worker-59: Building] INFO  o.a.m.s.f.DefaultMavenResourcesFiltering - skip non existing resourceDirectory C:\Users\DiamondBrown\OneDrive - Xpanxion\Documents\GitHub\Stack-Pack-Empire\ADP_Capstone\src\test\resources
2023-01-13 16:19:57,321 [Worker-60: Building] INFO  o.e.m.c.i.l.LifecycleMappingFactory - Using org.maven.ide.eclipse.wtp.WarLifecycleMapping lifecycle mapping for MavenProject: com.okta.developer:ADP_Capstone:0.0.1-SNAPSHOT @ C:\Users\DiamondBrown\OneDrive - Xpanxion\Documents\GitHub\Stack-Pack-Empire\ADP_Capstone\pom.xml.
2023-01-13 16:19:57,571 [Worker-60: Building] WARN  o.e.m.c.i.embedder.EclipseLogger - The artifact mysql:mysql-connector-java:jar:8.0.31 has been relocated to com.mysql:mysql-connector-j:jar:8.0.31: MySQL Connector/J artifacts moved to reverse-DNS compliant Maven 2+ coordinates.
2023-01-13 16:19:57,646 [Worker-60: Building] WARN  o.e.m.c.i.embedder.EclipseLogger - The artifact mysql:mysql-connector-java:jar:8.0.31 has been relocated to com.mysql:mysql-connector-j:jar:8.0.31: MySQL Connector/J artifacts moved to reverse-DNS compliant Maven 2+ coordinates.
2023-01-13 16:19:58,276 [Worker-60: Building] INFO  o.a.m.s.f.DefaultMavenResourcesFiltering - Copying 0 resource
2023-01-13 16:19:58,277 [Worker-60: Building] INFO  o.a.m.s.f.DefaultMavenResourcesFiltering - Copying 0 resource
2023-01-13 16:19:58,285 [Worker-60: Building] INFO  o.a.m.s.f.DefaultMavenResourcesFiltering - skip non existing resourceDirectory C:\Users\DiamondBrown\OneDrive - Xpanxion\Documents\GitHub\Stack-Pack-Empire\ADP_Capstone\src\test\resources
2023-01-13 16:19:58,287 [Worker-60: Building] INFO  o.e.m.w.i.f.ResourceFilteringBuildParticipant - Changed resources require a complete clean of filtered resources of ADP_Capstone
2023-01-13 16:19:58,287 [Worker-60: Building] INFO  o.e.m.w.i.f.ResourceFilteringBuildParticipant - Executing resource filtering for ADP_Capstone
2023-01-13 16:20:06,247 [Worker-58: Building] INFO  o.a.m.s.f.DefaultMavenResourcesFiltering - Copying 1 resource
2023-01-13 16:20:06,270 [Worker-58: Building] INFO  o.a.m.s.f.DefaultMavenResourcesFiltering - Copying 0 resource
2023-01-13 16:20:06,274 [Worker-58: Building] INFO  o.a.m.s.f.DefaultMavenResourcesFiltering - skip non existing resourceDirectory C:\Users\DiamondBrown\OneDrive - Xpanxion\Documents\GitHub\Stack-Pack-Empire\ADP_Capstone\src\test\resources
2023-01-13 16:21:05,637 [Worker-58: Building] INFO  o.a.m.s.f.DefaultMavenResourcesFiltering - Copying 1 resource
2023-01-13 16:21:05,648 [Worker-58: Building] INFO  o.a.m.s.f.DefaultMavenResourcesFiltering - Copying 0 resource
2023-01-13 16:21:05,654 [Worker-58: Building] INFO  o.a.m.s.f.DefaultMavenResourcesFiltering - skip non existing resourceDirectory C:\Users\DiamondBrown\OneDrive - Xpanxion\Documents\GitHub\Stack-Pack-Empire\ADP_Capstone\src\test\resources
2023-01-13 16:22:27,961 [Worker-47: Building] INFO  o.a.m.s.f.DefaultMavenResourcesFiltering - Copying 1 resource
2023-01-13 16:22:27,973 [Worker-47: Building] INFO  o.a.m.s.f.DefaultMavenResourcesFiltering - Copying 0 resource
2023-01-13 16:22:27,977 [Worker-47: Building] INFO  o.a.m.s.f.DefaultMavenResourcesFiltering - skip non existing resourceDirectory C:\Users\DiamondBrown\OneDrive - Xpanxion\Documents\GitHub\Stack-Pack-Empire\ADP_Capstone\src\test\resources
2023-01-13 16:28:04,535 [Worker-60: Building] INFO  o.a.m.s.f.DefaultMavenResourcesFiltering - Copying 1 resource
2023-01-13 16:28:04,544 [Worker-60: Building] INFO  o.a.m.s.f.DefaultMavenResourcesFiltering - Copying 0 resource
2023-01-13 16:28:04,548 [Worker-60: Building] INFO  o.a.m.s.f.DefaultMavenResourcesFiltering - skip non existing resourceDirectory C:\Users\DiamondBrown\OneDrive - Xpanxion\Documents\GitHub\Stack-Pack-Empire\ADP_Capstone\src\test\resources
2023-01-13 16:44:18,330 [Worker-58: Building] INFO  o.a.m.s.f.DefaultMavenResourcesFiltering - Copying 1 resource
2023-01-13 16:44:18,344 [Worker-58: Building] INFO  o.a.m.s.f.DefaultMavenResourcesFiltering - Copying 0 resource
2023-01-13 16:44:18,349 [Worker-58: Building] INFO  o.a.m.s.f.DefaultMavenResourcesFiltering - skip non existing resourceDirectory C:\Users\DiamondBrown\OneDrive - Xpanxion\Documents\GitHub\Stack-Pack-Empire\ADP_Capstone\src\test\resources
2023-01-13 16:44:19,384 [Worker-62: Building] INFO  o.a.m.s.f.DefaultMavenResourcesFiltering - Copying 1 resource
2023-01-13 16:44:19,393 [Worker-62: Building] INFO  o.a.m.s.f.DefaultMavenResourcesFiltering - Copying 0 resource
2023-01-13 16:44:19,397 [Worker-62: Building] INFO  o.a.m.s.f.DefaultMavenResourcesFiltering - skip non existing resourceDirectory C:\Users\DiamondBrown\OneDrive - Xpanxion\Documents\GitHub\Stack-Pack-Empire\ADP_Capstone\src\test\resources
2023-01-13 16:45:18,360 [Worker-63: Building] INFO  o.a.m.s.f.DefaultMavenResourcesFiltering - Copying 1 resource
2023-01-13 16:45:18,372 [Worker-63: Building] INFO  o.a.m.s.f.DefaultMavenResourcesFiltering - Copying 0 resource
2023-01-13 16:45:18,377 [Worker-63: Building] INFO  o.a.m.s.f.DefaultMavenResourcesFiltering - skip non existing resourceDirectory C:\Users\DiamondBrown\OneDrive - Xpanxion\Documents\GitHub\Stack-Pack-Empire\ADP_Capstone\src\test\resources
2023-01-13 17:10:03,750 [Worker-64: Building] INFO  o.a.m.s.f.DefaultMavenResourcesFiltering - Copying 1 resource
2023-01-13 17:10:03,772 [Worker-64: Building] INFO  o.a.m.s.f.DefaultMavenResourcesFiltering - Copying 0 resource
2023-01-13 17:10:03,777 [Worker-64: Building] INFO  o.a.m.s.f.DefaultMavenResourcesFiltering - skip non existing resourceDirectory C:\Users\DiamondBrown\OneDrive - Xpanxion\Documents\GitHub\Stack-Pack-Empire\ADP_Capstone\src\test\resources
2023-01-13 17:11:12,030 [Worker-65: Building] INFO  o.a.m.s.f.DefaultMavenResourcesFiltering - Copying 1 resource
2023-01-13 17:11:12,044 [Worker-65: Building] INFO  o.a.m.s.f.DefaultMavenResourcesFiltering - Copying 0 resource
2023-01-13 17:11:12,048 [Worker-65: Building] INFO  o.a.m.s.f.DefaultMavenResourcesFiltering - skip non existing resourceDirectory C:\Users\DiamondBrown\OneDrive - Xpanxion\Documents\GitHub\Stack-Pack-Empire\ADP_Capstone\src\test\resources
2023-01-13 18:11:54,989 [Worker-65: Building] INFO  o.a.m.s.f.DefaultMavenResourcesFiltering - Copying 1 resource
2023-01-13 18:11:55,004 [Worker-65: Building] INFO  o.a.m.s.f.DefaultMavenResourcesFiltering - Copying 0 resource
2023-01-13 18:11:55,011 [Worker-65: Building] INFO  o.a.m.s.f.DefaultMavenResourcesFiltering - skip non existing resourceDirectory C:\Users\DiamondBrown\OneDrive - Xpanxion\Documents\GitHub\Stack-Pack-Empire\ADP_Capstone\src\test\resources
2023-01-13 18:16:26,941 [Worker-68: Building] INFO  o.a.m.s.f.DefaultMavenResourcesFiltering - Copying 1 resource
2023-01-13 18:16:26,950 [Worker-68: Building] INFO  o.a.m.s.f.DefaultMavenResourcesFiltering - Copying 0 resource
2023-01-13 18:16:26,954 [Worker-68: Building] INFO  o.a.m.s.f.DefaultMavenResourcesFiltering - skip non existing resourceDirectory C:\Users\DiamondBrown\OneDrive - Xpanxion\Documents\GitHub\Stack-Pack-Empire\ADP_Capstone\src\test\resources
2023-01-13 18:17:31,273 [Worker-70: Building] INFO  o.a.m.s.f.DefaultMavenResourcesFiltering - Copying 1 resource
2023-01-13 18:17:31,282 [Worker-70: Building] INFO  o.a.m.s.f.DefaultMavenResourcesFiltering - Copying 0 resource
2023-01-13 18:17:31,290 [Worker-70: Building] INFO  o.a.m.s.f.DefaultMavenResourcesFiltering - skip non existing resourceDirectory C:\Users\DiamondBrown\OneDrive - Xpanxion\Documents\GitHub\Stack-Pack-Empire\ADP_Capstone\src\test\resources
2023-01-13 18:26:41,485 [Worker-72: Building] INFO  o.a.m.s.f.DefaultMavenResourcesFiltering - Copying 1 resource
2023-01-13 18:26:41,502 [Worker-72: Building] INFO  o.a.m.s.f.DefaultMavenResourcesFiltering - Copying 0 resource
2023-01-13 18:26:41,506 [Worker-72: Building] INFO  o.a.m.s.f.DefaultMavenResourcesFiltering - skip non existing resourceDirectory C:\Users\DiamondBrown\OneDrive - Xpanxion\Documents\GitHub\Stack-Pack-Empire\ADP_Capstone\src\test\resources
2023-01-13 18:26:42,593 [Worker-72: Building] INFO  o.a.m.s.f.DefaultMavenResourcesFiltering - Copying 1 resource
2023-01-13 18:26:42,615 [Worker-72: Building] INFO  o.a.m.s.f.DefaultMavenResourcesFiltering - Copying 0 resource
2023-01-13 18:26:42,621 [Worker-72: Building] INFO  o.a.m.s.f.DefaultMavenResourcesFiltering - skip non existing resourceDirectory C:\Users\DiamondBrown\OneDrive - Xpanxion\Documents\GitHub\Stack-Pack-Empire\ADP_Capstone\src\test\resources
2023-01-13 18:30:28,388 [Worker-73: Building] INFO  o.a.m.s.f.DefaultMavenResourcesFiltering - Copying 1 resource
2023-01-13 18:30:28,397 [Worker-73: Building] INFO  o.a.m.s.f.DefaultMavenResourcesFiltering - Copying 0 resource
2023-01-13 18:30:28,403 [Worker-73: Building] INFO  o.a.m.s.f.DefaultMavenResourcesFiltering - skip non existing resourceDirectory C:\Users\DiamondBrown\OneDrive - Xpanxion\Documents\GitHub\Stack-Pack-Empire\ADP_Capstone\src\test\resources
2023-01-13 18:42:19,906 [Worker-74: Building] INFO  o.a.m.s.f.DefaultMavenResourcesFiltering - Copying 1 resource
2023-01-13 18:42:19,914 [Worker-74: Building] INFO  o.a.m.s.f.DefaultMavenResourcesFiltering - Copying 0 resource
2023-01-13 18:42:19,918 [Worker-74: Building] INFO  o.a.m.s.f.DefaultMavenResourcesFiltering - skip non existing resourceDirectory C:\Users\DiamondBrown\OneDrive - Xpanxion\Documents\GitHub\Stack-Pack-Empire\ADP_Capstone\src\test\resources
2023-01-13 18:44:46,413 [Worker-75: Building] INFO  o.a.m.s.f.DefaultMavenResourcesFiltering - Copying 1 resource
2023-01-13 18:44:46,422 [Worker-75: Building] INFO  o.a.m.s.f.DefaultMavenResourcesFiltering - Copying 0 resource
2023-01-13 18:44:46,426 [Worker-75: Building] INFO  o.a.m.s.f.DefaultMavenResourcesFiltering - skip non existing resourceDirectory C:\Users\DiamondBrown\OneDrive - Xpanxion\Documents\GitHub\Stack-Pack-Empire\ADP_Capstone\src\test\resources
2023-01-13 18:44:47,476 [Worker-77: Building] INFO  o.a.m.s.f.DefaultMavenResourcesFiltering - Copying 1 resource
2023-01-13 18:44:47,510 [Worker-77: Building] INFO  o.a.m.s.f.DefaultMavenResourcesFiltering - Copying 0 resource
2023-01-13 18:44:47,514 [Worker-77: Building] INFO  o.a.m.s.f.DefaultMavenResourcesFiltering - skip non existing resourceDirectory C:\Users\DiamondBrown\OneDrive - Xpanxion\Documents\GitHub\Stack-Pack-Empire\ADP_Capstone\src\test\resources
2023-01-13 18:45:15,586 [Worker-73: Building] INFO  o.a.m.s.f.DefaultMavenResourcesFiltering - Copying 1 resource
2023-01-13 18:45:15,597 [Worker-73: Building] INFO  o.a.m.s.f.DefaultMavenResourcesFiltering - Copying 0 resource
2023-01-13 18:45:15,600 [Worker-73: Building] INFO  o.a.m.s.f.DefaultMavenResourcesFiltering - skip non existing resourceDirectory C:\Users\DiamondBrown\OneDrive - Xpanxion\Documents\GitHub\Stack-Pack-Empire\ADP_Capstone\src\test\resources
2023-01-13 18:46:02,225 [Worker-72: Building] INFO  o.a.m.s.f.DefaultMavenResourcesFiltering - Copying 1 resource
2023-01-13 18:46:02,235 [Worker-72: Building] INFO  o.a.m.s.f.DefaultMavenResourcesFiltering - Copying 0 resource
2023-01-13 18:46:02,239 [Worker-72: Building] INFO  o.a.m.s.f.DefaultMavenResourcesFiltering - skip non existing resourceDirectory C:\Users\DiamondBrown\OneDrive - Xpanxion\Documents\GitHub\Stack-Pack-Empire\ADP_Capstone\src\test\resources
2023-01-13 18:50:22,129 [Worker-78: Building] INFO  o.a.m.s.f.DefaultMavenResourcesFiltering - Copying 1 resource
2023-01-13 18:50:22,141 [Worker-78: Building] INFO  o.a.m.s.f.DefaultMavenResourcesFiltering - Copying 0 resource
2023-01-13 18:50:22,144 [Worker-78: Building] INFO  o.a.m.s.f.DefaultMavenResourcesFiltering - skip non existing resourceDirectory C:\Users\DiamondBrown\OneDrive - Xpanxion\Documents\GitHub\Stack-Pack-Empire\ADP_Capstone\src\test\resources
2023-01-13 18:50:24,410 [Worker-76: Building] INFO  o.a.m.s.f.DefaultMavenResourcesFiltering - Copying 1 resource
2023-01-13 18:50:24,420 [Worker-76: Building] INFO  o.a.m.s.f.DefaultMavenResourcesFiltering - Copying 0 resource
2023-01-13 18:50:24,426 [Worker-76: Building] INFO  o.a.m.s.f.DefaultMavenResourcesFiltering - skip non existing resourceDirectory C:\Users\DiamondBrown\OneDrive - Xpanxion\Documents\GitHub\Stack-Pack-Empire\ADP_Capstone\src\test\resources
2023-01-13 18:51:50,372 [Worker-80: Building] INFO  o.a.m.s.f.DefaultMavenResourcesFiltering - Copying 1 resource
2023-01-13 18:51:50,383 [Worker-80: Building] INFO  o.a.m.s.f.DefaultMavenResourcesFiltering - Copying 0 resource
2023-01-13 18:51:50,388 [Worker-80: Building] INFO  o.a.m.s.f.DefaultMavenResourcesFiltering - skip non existing resourceDirectory C:\Users\DiamondBrown\OneDrive - Xpanxion\Documents\GitHub\Stack-Pack-Empire\ADP_Capstone\src\test\resources
2023-01-13 18:51:51,468 [Worker-81: Building] INFO  o.a.m.s.f.DefaultMavenResourcesFiltering - Copying 1 resource
2023-01-13 18:51:51,476 [Worker-81: Building] INFO  o.a.m.s.f.DefaultMavenResourcesFiltering - Copying 0 resource
2023-01-13 18:51:51,479 [Worker-81: Building] INFO  o.a.m.s.f.DefaultMavenResourcesFiltering - skip non existing resourceDirectory C:\Users\DiamondBrown\OneDrive - Xpanxion\Documents\GitHub\Stack-Pack-Empire\ADP_Capstone\src\test\resources
2023-01-13 18:53:02,125 [Worker-82: Building] INFO  o.a.m.s.f.DefaultMavenResourcesFiltering - Copying 1 resource
2023-01-13 18:53:02,132 [Worker-82: Building] INFO  o.a.m.s.f.DefaultMavenResourcesFiltering - Copying 0 resource
2023-01-13 18:53:02,137 [Worker-82: Building] INFO  o.a.m.s.f.DefaultMavenResourcesFiltering - skip non existing resourceDirectory C:\Users\DiamondBrown\OneDrive - Xpanxion\Documents\GitHub\Stack-Pack-Empire\ADP_Capstone\src\test\resources
2023-01-13 18:53:23,225 [Worker-82: Building] INFO  o.a.m.s.f.DefaultMavenResourcesFiltering - Copying 1 resource
2023-01-13 18:53:23,254 [Worker-82: Building] INFO  o.a.m.s.f.DefaultMavenResourcesFiltering - Copying 0 resource
2023-01-13 18:53:23,261 [Worker-82: Building] INFO  o.a.m.s.f.DefaultMavenResourcesFiltering - skip non existing resourceDirectory C:\Users\DiamondBrown\OneDrive - Xpanxion\Documents\GitHub\Stack-Pack-Empire\ADP_Capstone\src\test\resources
2023-01-13 18:53:34,156 [Worker-82: Building] INFO  o.a.m.s.f.DefaultMavenResourcesFiltering - Copying 1 resource
2023-01-13 18:53:34,163 [Worker-82: Building] INFO  o.a.m.s.f.DefaultMavenResourcesFiltering - Copying 0 resource
2023-01-13 18:53:34,167 [Worker-82: Building] INFO  o.a.m.s.f.DefaultMavenResourcesFiltering - skip non existing resourceDirectory C:\Users\DiamondBrown\OneDrive - Xpanxion\Documents\GitHub\Stack-Pack-Empire\ADP_Capstone\src\test\resources
2023-01-13 19:01:30,487 [Worker-86: Building] INFO  o.a.m.s.f.DefaultMavenResourcesFiltering - Copying 1 resource
2023-01-13 19:01:30,500 [Worker-86: Building] INFO  o.a.m.s.f.DefaultMavenResourcesFiltering - Copying 0 resource
2023-01-13 19:01:30,505 [Worker-86: Building] INFO  o.a.m.s.f.DefaultMavenResourcesFiltering - skip non existing resourceDirectory C:\Users\DiamondBrown\OneDrive - Xpanxion\Documents\GitHub\Stack-Pack-Empire\ADP_Capstone\src\test\resources
2023-01-13 19:01:31,526 [Worker-85: Building] INFO  o.a.m.s.f.DefaultMavenResourcesFiltering - Copying 1 resource
2023-01-13 19:01:31,534 [Worker-85: Building] INFO  o.a.m.s.f.DefaultMavenResourcesFiltering - Copying 0 resource
2023-01-13 19:01:31,537 [Worker-85: Building] INFO  o.a.m.s.f.DefaultMavenResourcesFiltering - skip non existing resourceDirectory C:\Users\DiamondBrown\OneDrive - Xpanxion\Documents\GitHub\Stack-Pack-Empire\ADP_Capstone\src\test\resources
2023-01-13 19:27:00,818 [Worker-90: Building] INFO  o.a.m.s.f.DefaultMavenResourcesFiltering - Copying 1 resource
2023-01-13 19:27:00,916 [Worker-90: Building] INFO  o.a.m.s.f.DefaultMavenResourcesFiltering - Copying 0 resource
2023-01-13 19:27:00,928 [Worker-90: Building] INFO  o.a.m.s.f.DefaultMavenResourcesFiltering - skip non existing resourceDirectory C:\Users\DiamondBrown\OneDrive - Xpanxion\Documents\GitHub\Stack-Pack-Empire\ADP_Capstone\src\test\resources
2023-01-13 20:56:37,093 [Worker-96: Building] INFO  o.a.m.s.f.DefaultMavenResourcesFiltering - Copying 1 resource
2023-01-13 20:56:37,241 [Worker-96: Building] INFO  o.a.m.s.f.DefaultMavenResourcesFiltering - Copying 0 resource
2023-01-13 20:56:37,250 [Worker-96: Building] INFO  o.a.m.s.f.DefaultMavenResourcesFiltering - skip non existing resourceDirectory C:\Users\DiamondBrown\OneDrive - Xpanxion\Documents\GitHub\Stack-Pack-Empire\ADP_Capstone\src\test\resources
2023-01-13 22:19:12,925 [Worker-100: Building] INFO  o.a.m.s.f.DefaultMavenResourcesFiltering - Copying 1 resource
2023-01-13 22:19:12,971 [Worker-100: Building] INFO  o.a.m.s.f.DefaultMavenResourcesFiltering - Copying 0 resource
2023-01-13 22:19:12,981 [Worker-100: Building] INFO  o.a.m.s.f.DefaultMavenResourcesFiltering - skip non existing resourceDirectory C:\Users\DiamondBrown\OneDrive - Xpanxion\Documents\GitHub\Stack-Pack-Empire\ADP_Capstone\src\test\resources
2023-01-13 22:19:43,921 [Worker-102: Building] INFO  o.a.m.s.f.DefaultMavenResourcesFiltering - Copying 1 resource
2023-01-13 22:19:44,021 [Worker-102: Building] INFO  o.a.m.s.f.DefaultMavenResourcesFiltering - Copying 0 resource
2023-01-13 22:19:44,029 [Worker-102: Building] INFO  o.a.m.s.f.DefaultMavenResourcesFiltering - skip non existing resourceDirectory C:\Users\DiamondBrown\OneDrive - Xpanxion\Documents\GitHub\Stack-Pack-Empire\ADP_Capstone\src\test\resources
2023-01-13 22:19:46,172 [Worker-93: Building] INFO  o.a.m.s.f.DefaultMavenResourcesFiltering - Copying 1 resource
2023-01-13 22:19:46,192 [Worker-93: Building] INFO  o.a.m.s.f.DefaultMavenResourcesFiltering - Copying 0 resource
2023-01-13 22:19:46,200 [Worker-93: Building] INFO  o.a.m.s.f.DefaultMavenResourcesFiltering - skip non existing resourceDirectory C:\Users\DiamondBrown\OneDrive - Xpanxion\Documents\GitHub\Stack-Pack-Empire\ADP_Capstone\src\test\resources
2023-01-13 22:24:13,638 [Worker-105: Building] INFO  o.a.m.s.f.DefaultMavenResourcesFiltering - Copying 1 resource
2023-01-13 22:24:13,657 [Worker-105: Building] INFO  o.a.m.s.f.DefaultMavenResourcesFiltering - Copying 0 resource
2023-01-13 22:24:13,664 [Worker-105: Building] INFO  o.a.m.s.f.DefaultMavenResourcesFiltering - skip non existing resourceDirectory C:\Users\DiamondBrown\OneDrive - Xpanxion\Documents\GitHub\Stack-Pack-Empire\ADP_Capstone\src\test\resources
2023-01-13 22:30:13,685 [Worker-110: Building] INFO  o.a.m.s.f.DefaultMavenResourcesFiltering - Copying 1 resource
2023-01-13 22:30:13,712 [Worker-110: Building] INFO  o.a.m.s.f.DefaultMavenResourcesFiltering - Copying 0 resource
2023-01-13 22:30:13,719 [Worker-110: Building] INFO  o.a.m.s.f.DefaultMavenResourcesFiltering - skip non existing resourceDirectory C:\Users\DiamondBrown\OneDrive - Xpanxion\Documents\GitHub\Stack-Pack-Empire\ADP_Capstone\src\test\resources
2023-01-14 10:29:17,577 [Worker-116: Building] INFO  o.a.m.s.f.DefaultMavenResourcesFiltering - Copying 1 resource
2023-01-14 10:29:17,617 [Worker-116: Building] INFO  o.a.m.s.f.DefaultMavenResourcesFiltering - Copying 0 resource
2023-01-14 10:29:17,623 [Worker-116: Building] INFO  o.a.m.s.f.DefaultMavenResourcesFiltering - skip non existing resourceDirectory C:\Users\DiamondBrown\OneDrive - Xpanxion\Documents\GitHub\Stack-Pack-Empire\ADP_Capstone\src\test\resources
2023-01-14 10:29:19,761 [Worker-116: Building] INFO  o.a.m.s.f.DefaultMavenResourcesFiltering - Copying 1 resource
2023-01-14 10:29:19,766 [Worker-116: Building] INFO  o.a.m.s.f.DefaultMavenResourcesFiltering - Copying 0 resource
2023-01-14 10:29:19,772 [Worker-116: Building] INFO  o.a.m.s.f.DefaultMavenResourcesFiltering - skip non existing resourceDirectory C:\Users\DiamondBrown\OneDrive - Xpanxion\Documents\GitHub\Stack-Pack-Empire\ADP_Capstone\src\test\resources
2023-01-14 10:33:59,249 [Worker-113: Building] INFO  o.a.m.s.f.DefaultMavenResourcesFiltering - Copying 1 resource
2023-01-14 10:33:59,273 [Worker-113: Building] INFO  o.a.m.s.f.DefaultMavenResourcesFiltering - Copying 0 resource
2023-01-14 10:33:59,279 [Worker-113: Building] INFO  o.a.m.s.f.DefaultMavenResourcesFiltering - skip non existing resourceDirectory C:\Users\DiamondBrown\OneDrive - Xpanxion\Documents\GitHub\Stack-Pack-Empire\ADP_Capstone\src\test\resources
2023-01-14 10:34:01,434 [Worker-111: Building] INFO  o.a.m.s.f.DefaultMavenResourcesFiltering - Copying 1 resource
2023-01-14 10:34:01,477 [Worker-111: Building] INFO  o.a.m.s.f.DefaultMavenResourcesFiltering - Copying 0 resource
2023-01-14 10:34:01,485 [Worker-111: Building] INFO  o.a.m.s.f.DefaultMavenResourcesFiltering - skip non existing resourceDirectory C:\Users\DiamondBrown\OneDrive - Xpanxion\Documents\GitHub\Stack-Pack-Empire\ADP_Capstone\src\test\resources
2023-01-14 10:35:58,749 [Worker-118: Building] INFO  o.a.m.s.f.DefaultMavenResourcesFiltering - Copying 1 resource
2023-01-14 10:35:58,759 [Worker-118: Building] INFO  o.a.m.s.f.DefaultMavenResourcesFiltering - Copying 0 resource
2023-01-14 10:35:58,763 [Worker-118: Building] INFO  o.a.m.s.f.DefaultMavenResourcesFiltering - skip non existing resourceDirectory C:\Users\DiamondBrown\OneDrive - Xpanxion\Documents\GitHub\Stack-Pack-Empire\ADP_Capstone\src\test\resources
2023-01-14 11:00:09,176 [Worker-125: Building] INFO  o.a.m.s.f.DefaultMavenResourcesFiltering - Copying 1 resource
2023-01-14 11:00:09,231 [Worker-125: Building] INFO  o.a.m.s.f.DefaultMavenResourcesFiltering - Copying 0 resource
2023-01-14 11:00:09,234 [Worker-125: Building] INFO  o.a.m.s.f.DefaultMavenResourcesFiltering - skip non existing resourceDirectory C:\Users\DiamondBrown\OneDrive - Xpanxion\Documents\GitHub\Stack-Pack-Empire\ADP_Capstone\src\test\resources
2023-01-14 11:02:19,257 [Worker-126: Building] INFO  o.a.m.s.f.DefaultMavenResourcesFiltering - Copying 1 resource
2023-01-14 11:02:19,275 [Worker-126: Building] INFO  o.a.m.s.f.DefaultMavenResourcesFiltering - Copying 0 resource
2023-01-14 11:02:19,278 [Worker-126: Building] INFO  o.a.m.s.f.DefaultMavenResourcesFiltering - skip non existing resourceDirectory C:\Users\DiamondBrown\OneDrive - Xpanxion\Documents\GitHub\Stack-Pack-Empire\ADP_Capstone\src\test\resources
2023-01-14 11:05:06,789 [Worker-128: Building] INFO  o.a.m.s.f.DefaultMavenResourcesFiltering - Copying 1 resource
2023-01-14 11:05:06,798 [Worker-128: Building] INFO  o.a.m.s.f.DefaultMavenResourcesFiltering - Copying 0 resource
2023-01-14 11:05:06,805 [Worker-128: Building] INFO  o.a.m.s.f.DefaultMavenResourcesFiltering - skip non existing resourceDirectory C:\Users\DiamondBrown\OneDrive - Xpanxion\Documents\GitHub\Stack-Pack-Empire\ADP_Capstone\src\test\resources
2023-01-14 11:05:54,354 [Worker-129: Building] INFO  o.a.m.s.f.DefaultMavenResourcesFiltering - Copying 1 resource
2023-01-14 11:05:54,369 [Worker-129: Building] INFO  o.a.m.s.f.DefaultMavenResourcesFiltering - Copying 0 resource
2023-01-14 11:05:54,374 [Worker-129: Building] INFO  o.a.m.s.f.DefaultMavenResourcesFiltering - skip non existing resourceDirectory C:\Users\DiamondBrown\OneDrive - Xpanxion\Documents\GitHub\Stack-Pack-Empire\ADP_Capstone\src\test\resources
2023-01-14 11:06:10,730 [Worker-126: Building] INFO  o.a.m.s.f.DefaultMavenResourcesFiltering - Copying 1 resource
2023-01-14 11:06:10,741 [Worker-126: Building] INFO  o.a.m.s.f.DefaultMavenResourcesFiltering - Copying 0 resource
2023-01-14 11:06:10,743 [Worker-126: Building] INFO  o.a.m.s.f.DefaultMavenResourcesFiltering - skip non existing resourceDirectory C:\Users\DiamondBrown\OneDrive - Xpanxion\Documents\GitHub\Stack-Pack-Empire\ADP_Capstone\src\test\resources
2023-01-14 11:06:31,610 [Worker-128: Building] INFO  o.a.m.s.f.DefaultMavenResourcesFiltering - Copying 0 resource
2023-01-14 11:06:31,611 [Worker-128: Building] INFO  o.a.m.s.f.DefaultMavenResourcesFiltering - Copying 0 resource
2023-01-14 11:06:31,615 [Worker-128: Building] INFO  o.a.m.s.f.DefaultMavenResourcesFiltering - skip non existing resourceDirectory C:\Users\DiamondBrown\OneDrive - Xpanxion\Documents\GitHub\Stack-Pack-Empire\ADP_Capstone\src\test\resources
2023-01-14 11:06:57,966 [Worker-126: Building] INFO  o.a.m.s.f.DefaultMavenResourcesFiltering - Copying 0 resource
2023-01-14 11:06:57,967 [Worker-126: Building] INFO  o.a.m.s.f.DefaultMavenResourcesFiltering - Copying 0 resource
2023-01-14 11:06:57,971 [Worker-126: Building] INFO  o.a.m.s.f.DefaultMavenResourcesFiltering - skip non existing resourceDirectory C:\Users\DiamondBrown\OneDrive - Xpanxion\Documents\GitHub\Stack-Pack-Empire\ADP_Capstone\src\test\resources
2023-01-14 11:44:12,750 [Worker-126: Building] INFO  o.a.m.s.f.DefaultMavenResourcesFiltering - Copying 1 resource
2023-01-14 11:44:12,815 [Worker-126: Building] INFO  o.a.m.s.f.DefaultMavenResourcesFiltering - Copying 0 resource
2023-01-14 11:44:12,827 [Worker-126: Building] INFO  o.a.m.s.f.DefaultMavenResourcesFiltering - skip non existing resourceDirectory C:\Users\DiamondBrown\OneDrive - Xpanxion\Documents\GitHub\Stack-Pack-Empire\ADP_Capstone\src\test\resources
2023-01-14 13:17:02,676 [Worker-126: Building] INFO  o.a.m.s.f.DefaultMavenResourcesFiltering - Copying 0 resource
2023-01-14 13:17:02,679 [Worker-126: Building] INFO  o.a.m.s.f.DefaultMavenResourcesFiltering - Copying 0 resource
2023-01-14 13:17:02,685 [Worker-126: Building] INFO  o.a.m.s.f.DefaultMavenResourcesFiltering - skip non existing resourceDirectory C:\Users\DiamondBrown\OneDrive - Xpanxion\Documents\GitHub\Stack-Pack-Empire\ADP_Capstone\src\test\resources
2023-01-14 13:17:15,824 [Worker-134: Building] INFO  o.a.m.s.f.DefaultMavenResourcesFiltering - Copying 1 resource
2023-01-14 13:17:15,865 [Worker-134: Building] INFO  o.a.m.s.f.DefaultMavenResourcesFiltering - Copying 0 resource
2023-01-14 13:17:15,870 [Worker-134: Building] INFO  o.a.m.s.f.DefaultMavenResourcesFiltering - skip non existing resourceDirectory C:\Users\DiamondBrown\OneDrive - Xpanxion\Documents\GitHub\Stack-Pack-Empire\ADP_Capstone\src\test\resources
2023-01-14 13:17:38,316 [Worker-126: Building] INFO  o.a.m.s.f.DefaultMavenResourcesFiltering - Copying 1 resource
2023-01-14 13:17:38,511 [Worker-126: Building] INFO  o.a.m.s.f.DefaultMavenResourcesFiltering - Copying 0 resource
2023-01-14 13:17:38,519 [Worker-126: Building] INFO  o.a.m.s.f.DefaultMavenResourcesFiltering - skip non existing resourceDirectory C:\Users\DiamondBrown\OneDrive - Xpanxion\Documents\GitHub\Stack-Pack-Empire\ADP_Capstone\src\test\resources
2023-01-14 13:17:40,619 [Worker-133: Building] INFO  o.a.m.s.f.DefaultMavenResourcesFiltering - Copying 1 resource
2023-01-14 13:17:40,658 [Worker-133: Building] INFO  o.a.m.s.f.DefaultMavenResourcesFiltering - Copying 0 resource
2023-01-14 13:17:40,662 [Worker-133: Building] INFO  o.a.m.s.f.DefaultMavenResourcesFiltering - skip non existing resourceDirectory C:\Users\DiamondBrown\OneDrive - Xpanxion\Documents\GitHub\Stack-Pack-Empire\ADP_Capstone\src\test\resources
2023-01-14 13:19:45,519 [Worker-125: Building] INFO  o.a.m.s.f.DefaultMavenResourcesFiltering - Copying 1 resource
2023-01-14 13:19:45,559 [Worker-125: Building] INFO  o.a.m.s.f.DefaultMavenResourcesFiltering - Copying 0 resource
2023-01-14 13:19:45,564 [Worker-125: Building] INFO  o.a.m.s.f.DefaultMavenResourcesFiltering - skip non existing resourceDirectory C:\Users\DiamondBrown\OneDrive - Xpanxion\Documents\GitHub\Stack-Pack-Empire\ADP_Capstone\src\test\resources
2023-01-14 13:19:47,642 [Worker-137: Building] INFO  o.a.m.s.f.DefaultMavenResourcesFiltering - Copying 1 resource
2023-01-14 13:19:47,658 [Worker-137: Building] INFO  o.a.m.s.f.DefaultMavenResourcesFiltering - Copying 0 resource
2023-01-14 13:19:47,661 [Worker-137: Building] INFO  o.a.m.s.f.DefaultMavenResourcesFiltering - skip non existing resourceDirectory C:\Users\DiamondBrown\OneDrive - Xpanxion\Documents\GitHub\Stack-Pack-Empire\ADP_Capstone\src\test\resources
2023-01-14 13:21:50,705 [Worker-137: Building] INFO  o.a.m.s.f.DefaultMavenResourcesFiltering - Copying 1 resource
2023-01-14 13:21:50,720 [Worker-137: Building] INFO  o.a.m.s.f.DefaultMavenResourcesFiltering - Copying 0 resource
2023-01-14 13:21:50,725 [Worker-137: Building] INFO  o.a.m.s.f.DefaultMavenResourcesFiltering - skip non existing resourceDirectory C:\Users\DiamondBrown\OneDrive - Xpanxion\Documents\GitHub\Stack-Pack-Empire\ADP_Capstone\src\test\resources
2023-01-14 13:22:17,316 [Worker-137: Building] INFO  o.a.m.s.f.DefaultMavenResourcesFiltering - Copying 1 resource
2023-01-14 13:22:17,325 [Worker-137: Building] INFO  o.a.m.s.f.DefaultMavenResourcesFiltering - Copying 0 resource
2023-01-14 13:22:17,328 [Worker-137: Building] INFO  o.a.m.s.f.DefaultMavenResourcesFiltering - skip non existing resourceDirectory C:\Users\DiamondBrown\OneDrive - Xpanxion\Documents\GitHub\Stack-Pack-Empire\ADP_Capstone\src\test\resources
2023-01-14 13:22:19,466 [Worker-125: Building] INFO  o.a.m.s.f.DefaultMavenResourcesFiltering - Copying 1 resource
2023-01-14 13:22:19,481 [Worker-125: Building] INFO  o.a.m.s.f.DefaultMavenResourcesFiltering - Copying 0 resource
2023-01-14 13:22:19,485 [Worker-125: Building] INFO  o.a.m.s.f.DefaultMavenResourcesFiltering - skip non existing resourceDirectory C:\Users\DiamondBrown\OneDrive - Xpanxion\Documents\GitHub\Stack-Pack-Empire\ADP_Capstone\src\test\resources
2023-01-14 13:23:23,234 [Worker-139: Building] INFO  o.a.m.s.f.DefaultMavenResourcesFiltering - Copying 1 resource
2023-01-14 13:23:23,246 [Worker-139: Building] INFO  o.a.m.s.f.DefaultMavenResourcesFiltering - Copying 0 resource
2023-01-14 13:23:23,249 [Worker-139: Building] INFO  o.a.m.s.f.DefaultMavenResourcesFiltering - skip non existing resourceDirectory C:\Users\DiamondBrown\OneDrive - Xpanxion\Documents\GitHub\Stack-Pack-Empire\ADP_Capstone\src\test\resources
2023-01-14 13:25:22,129 [Worker-140: Building] INFO  o.a.m.s.f.DefaultMavenResourcesFiltering - Copying 1 resource
2023-01-14 13:25:22,144 [Worker-140: Building] INFO  o.a.m.s.f.DefaultMavenResourcesFiltering - Copying 0 resource
2023-01-14 13:25:22,147 [Worker-140: Building] INFO  o.a.m.s.f.DefaultMavenResourcesFiltering - skip non existing resourceDirectory C:\Users\DiamondBrown\OneDrive - Xpanxion\Documents\GitHub\Stack-Pack-Empire\ADP_Capstone\src\test\resources
2023-01-14 13:27:50,891 [Worker-141: Building] INFO  o.a.m.s.f.DefaultMavenResourcesFiltering - Copying 1 resource
2023-01-14 13:27:50,903 [Worker-141: Building] INFO  o.a.m.s.f.DefaultMavenResourcesFiltering - Copying 0 resource
2023-01-14 13:27:50,906 [Worker-141: Building] INFO  o.a.m.s.f.DefaultMavenResourcesFiltering - skip non existing resourceDirectory C:\Users\DiamondBrown\OneDrive - Xpanxion\Documents\GitHub\Stack-Pack-Empire\ADP_Capstone\src\test\resources
2023-01-14 13:27:53,045 [Worker-143: Building] INFO  o.a.m.s.f.DefaultMavenResourcesFiltering - Copying 1 resource
2023-01-14 13:27:53,063 [Worker-143: Building] INFO  o.a.m.s.f.DefaultMavenResourcesFiltering - Copying 0 resource
2023-01-14 13:27:53,066 [Worker-143: Building] INFO  o.a.m.s.f.DefaultMavenResourcesFiltering - skip non existing resourceDirectory C:\Users\DiamondBrown\OneDrive - Xpanxion\Documents\GitHub\Stack-Pack-Empire\ADP_Capstone\src\test\resources
2023-01-14 13:28:19,362 [Worker-143: Building] INFO  o.a.m.s.f.DefaultMavenResourcesFiltering - Copying 1 resource
2023-01-14 13:28:19,379 [Worker-143: Building] INFO  o.a.m.s.f.DefaultMavenResourcesFiltering - Copying 0 resource
2023-01-14 13:28:19,385 [Worker-143: Building] INFO  o.a.m.s.f.DefaultMavenResourcesFiltering - skip non existing resourceDirectory C:\Users\DiamondBrown\OneDrive - Xpanxion\Documents\GitHub\Stack-Pack-Empire\ADP_Capstone\src\test\resources
2023-01-14 13:28:28,506 [Worker-143: Building] INFO  o.a.m.s.f.DefaultMavenResourcesFiltering - Copying 1 resource
2023-01-14 13:28:28,514 [Worker-143: Building] INFO  o.a.m.s.f.DefaultMavenResourcesFiltering - Copying 0 resource
2023-01-14 13:28:28,518 [Worker-143: Building] INFO  o.a.m.s.f.DefaultMavenResourcesFiltering - skip non existing resourceDirectory C:\Users\DiamondBrown\OneDrive - Xpanxion\Documents\GitHub\Stack-Pack-Empire\ADP_Capstone\src\test\resources
2023-01-14 13:28:30,610 [Worker-137: Building] INFO  o.a.m.s.f.DefaultMavenResourcesFiltering - Copying 1 resource
2023-01-14 13:28:30,620 [Worker-137: Building] INFO  o.a.m.s.f.DefaultMavenResourcesFiltering - Copying 0 resource
2023-01-14 13:28:30,624 [Worker-137: Building] INFO  o.a.m.s.f.DefaultMavenResourcesFiltering - skip non existing resourceDirectory C:\Users\DiamondBrown\OneDrive - Xpanxion\Documents\GitHub\Stack-Pack-Empire\ADP_Capstone\src\test\resources
2023-01-14 13:29:06,533 [Worker-137: Building] INFO  o.a.m.s.f.DefaultMavenResourcesFiltering - Copying 1 resource
2023-01-14 13:29:06,547 [Worker-137: Building] INFO  o.a.m.s.f.DefaultMavenResourcesFiltering - Copying 0 resource
2023-01-14 13:29:06,551 [Worker-137: Building] INFO  o.a.m.s.f.DefaultMavenResourcesFiltering - skip non existing resourceDirectory C:\Users\DiamondBrown\OneDrive - Xpanxion\Documents\GitHub\Stack-Pack-Empire\ADP_Capstone\src\test\resources
2023-01-14 13:29:40,333 [Worker-137: Building] INFO  o.a.m.s.f.DefaultMavenResourcesFiltering - Copying 1 resource
2023-01-14 13:29:40,343 [Worker-137: Building] INFO  o.a.m.s.f.DefaultMavenResourcesFiltering - Copying 0 resource
2023-01-14 13:29:40,349 [Worker-137: Building] INFO  o.a.m.s.f.DefaultMavenResourcesFiltering - skip non existing resourceDirectory C:\Users\DiamondBrown\OneDrive - Xpanxion\Documents\GitHub\Stack-Pack-Empire\ADP_Capstone\src\test\resources
2023-01-14 13:30:13,875 [Worker-143: Building] INFO  o.a.m.s.f.DefaultMavenResourcesFiltering - Copying 1 resource
2023-01-14 13:30:13,885 [Worker-143: Building] INFO  o.a.m.s.f.DefaultMavenResourcesFiltering - Copying 0 resource
2023-01-14 13:30:13,890 [Worker-143: Building] INFO  o.a.m.s.f.DefaultMavenResourcesFiltering - skip non existing resourceDirectory C:\Users\DiamondBrown\OneDrive - Xpanxion\Documents\GitHub\Stack-Pack-Empire\ADP_Capstone\src\test\resources
2023-01-14 13:30:14,919 [Worker-141: Building] INFO  o.a.m.s.f.DefaultMavenResourcesFiltering - Copying 1 resource
2023-01-14 13:30:14,978 [Worker-141: Building] INFO  o.a.m.s.f.DefaultMavenResourcesFiltering - Copying 0 resource
2023-01-14 13:30:14,981 [Worker-141: Building] INFO  o.a.m.s.f.DefaultMavenResourcesFiltering - skip non existing resourceDirectory C:\Users\DiamondBrown\OneDrive - Xpanxion\Documents\GitHub\Stack-Pack-Empire\ADP_Capstone\src\test\resources
2023-01-14 13:31:10,582 [Worker-144: Building] INFO  o.a.m.s.f.DefaultMavenResourcesFiltering - Copying 1 resource
2023-01-14 13:31:10,593 [Worker-144: Building] INFO  o.a.m.s.f.DefaultMavenResourcesFiltering - Copying 0 resource
2023-01-14 13:31:10,598 [Worker-144: Building] INFO  o.a.m.s.f.DefaultMavenResourcesFiltering - skip non existing resourceDirectory C:\Users\DiamondBrown\OneDrive - Xpanxion\Documents\GitHub\Stack-Pack-Empire\ADP_Capstone\src\test\resources
2023-01-14 13:31:12,708 [Worker-144: Building] INFO  o.a.m.s.f.DefaultMavenResourcesFiltering - Copying 1 resource
2023-01-14 13:31:12,717 [Worker-144: Building] INFO  o.a.m.s.f.DefaultMavenResourcesFiltering - Copying 0 resource
2023-01-14 13:31:12,719 [Worker-144: Building] INFO  o.a.m.s.f.DefaultMavenResourcesFiltering - skip non existing resourceDirectory C:\Users\DiamondBrown\OneDrive - Xpanxion\Documents\GitHub\Stack-Pack-Empire\ADP_Capstone\src\test\resources
2023-01-14 13:35:08,857 [Worker-143: Building] INFO  o.a.m.s.f.DefaultMavenResourcesFiltering - Copying 1 resource
2023-01-14 13:35:08,868 [Worker-143: Building] INFO  o.a.m.s.f.DefaultMavenResourcesFiltering - Copying 0 resource
2023-01-14 13:35:08,872 [Worker-143: Building] INFO  o.a.m.s.f.DefaultMavenResourcesFiltering - skip non existing resourceDirectory C:\Users\DiamondBrown\OneDrive - Xpanxion\Documents\GitHub\Stack-Pack-Empire\ADP_Capstone\src\test\resources
2023-01-14 13:35:10,970 [Worker-147: Building] INFO  o.a.m.s.f.DefaultMavenResourcesFiltering - Copying 1 resource
2023-01-14 13:35:10,981 [Worker-147: Building] INFO  o.a.m.s.f.DefaultMavenResourcesFiltering - Copying 0 resource
2023-01-14 13:35:10,984 [Worker-147: Building] INFO  o.a.m.s.f.DefaultMavenResourcesFiltering - skip non existing resourceDirectory C:\Users\DiamondBrown\OneDrive - Xpanxion\Documents\GitHub\Stack-Pack-Empire\ADP_Capstone\src\test\resources
2023-01-14 14:27:54,975 [Worker-149: Building] INFO  o.a.m.s.f.DefaultMavenResourcesFiltering - Copying 1 resource
2023-01-14 14:27:54,990 [Worker-149: Building] INFO  o.a.m.s.f.DefaultMavenResourcesFiltering - Copying 0 resource
2023-01-14 14:27:54,994 [Worker-149: Building] INFO  o.a.m.s.f.DefaultMavenResourcesFiltering - skip non existing resourceDirectory C:\Users\DiamondBrown\OneDrive - Xpanxion\Documents\GitHub\Stack-Pack-Empire\ADP_Capstone\src\test\resources
2023-01-14 14:28:14,881 [Worker-151: Building] INFO  o.a.m.s.f.DefaultMavenResourcesFiltering - Copying 1 resource
2023-01-14 14:28:14,894 [Worker-151: Building] INFO  o.a.m.s.f.DefaultMavenResourcesFiltering - Copying 0 resource
2023-01-14 14:28:14,897 [Worker-151: Building] INFO  o.a.m.s.f.DefaultMavenResourcesFiltering - skip non existing resourceDirectory C:\Users\DiamondBrown\OneDrive - Xpanxion\Documents\GitHub\Stack-Pack-Empire\ADP_Capstone\src\test\resources
2023-01-14 14:54:36,417 [Worker-152: Building] INFO  o.a.m.s.f.DefaultMavenResourcesFiltering - Copying 1 resource
2023-01-14 14:54:36,432 [Worker-152: Building] INFO  o.a.m.s.f.DefaultMavenResourcesFiltering - Copying 0 resource
2023-01-14 14:54:36,437 [Worker-152: Building] INFO  o.a.m.s.f.DefaultMavenResourcesFiltering - skip non existing resourceDirectory C:\Users\DiamondBrown\OneDrive - Xpanxion\Documents\GitHub\Stack-Pack-Empire\ADP_Capstone\src\test\resources
2023-01-14 14:59:02,883 [Worker-156: Building] INFO  o.a.m.s.f.DefaultMavenResourcesFiltering - Copying 1 resource
2023-01-14 14:59:02,898 [Worker-156: Building] INFO  o.a.m.s.f.DefaultMavenResourcesFiltering - Copying 0 resource
2023-01-14 14:59:02,900 [Worker-156: Building] INFO  o.a.m.s.f.DefaultMavenResourcesFiltering - skip non existing resourceDirectory C:\Users\DiamondBrown\OneDrive - Xpanxion\Documents\GitHub\Stack-Pack-Empire\ADP_Capstone\src\test\resources
2023-01-14 14:59:24,485 [Worker-155: Building] INFO  o.a.m.s.f.DefaultMavenResourcesFiltering - Copying 1 resource
2023-01-14 14:59:24,497 [Worker-155: Building] INFO  o.a.m.s.f.DefaultMavenResourcesFiltering - Copying 0 resource
2023-01-14 14:59:24,501 [Worker-155: Building] INFO  o.a.m.s.f.DefaultMavenResourcesFiltering - skip non existing resourceDirectory C:\Users\DiamondBrown\OneDrive - Xpanxion\Documents\GitHub\Stack-Pack-Empire\ADP_Capstone\src\test\resources
2023-01-14 14:59:40,772 [Worker-149: Building] INFO  o.a.m.s.f.DefaultMavenResourcesFiltering - Copying 1 resource
2023-01-14 14:59:40,786 [Worker-149: Building] INFO  o.a.m.s.f.DefaultMavenResourcesFiltering - Copying 0 resource
2023-01-14 14:59:40,789 [Worker-149: Building] INFO  o.a.m.s.f.DefaultMavenResourcesFiltering - skip non existing resourceDirectory C:\Users\DiamondBrown\OneDrive - Xpanxion\Documents\GitHub\Stack-Pack-Empire\ADP_Capstone\src\test\resources
2023-01-14 15:04:41,811 [Worker-158: Building] INFO  o.a.m.s.f.DefaultMavenResourcesFiltering - Copying 1 resource
2023-01-14 15:04:41,820 [Worker-158: Building] INFO  o.a.m.s.f.DefaultMavenResourcesFiltering - Copying 0 resource
2023-01-14 15:04:41,824 [Worker-158: Building] INFO  o.a.m.s.f.DefaultMavenResourcesFiltering - skip non existing resourceDirectory C:\Users\DiamondBrown\OneDrive - Xpanxion\Documents\GitHub\Stack-Pack-Empire\ADP_Capstone\src\test\resources
2023-01-14 15:08:11,490 [Worker-161: Building] INFO  o.a.m.s.f.DefaultMavenResourcesFiltering - Copying 1 resource
2023-01-14 15:08:11,501 [Worker-161: Building] INFO  o.a.m.s.f.DefaultMavenResourcesFiltering - Copying 0 resource
2023-01-14 15:08:11,508 [Worker-161: Building] INFO  o.a.m.s.f.DefaultMavenResourcesFiltering - skip non existing resourceDirectory C:\Users\DiamondBrown\OneDrive - Xpanxion\Documents\GitHub\Stack-Pack-Empire\ADP_Capstone\src\test\resources
2023-01-14 15:08:30,310 [Worker-160: Building] INFO  o.a.m.s.f.DefaultMavenResourcesFiltering - Copying 1 resource
2023-01-14 15:08:30,319 [Worker-160: Building] INFO  o.a.m.s.f.DefaultMavenResourcesFiltering - Copying 0 resource
2023-01-14 15:08:30,323 [Worker-160: Building] INFO  o.a.m.s.f.DefaultMavenResourcesFiltering - skip non existing resourceDirectory C:\Users\DiamondBrown\OneDrive - Xpanxion\Documents\GitHub\Stack-Pack-Empire\ADP_Capstone\src\test\resources
2023-01-14 15:09:22,825 [Worker-162: Building] INFO  o.a.m.s.f.DefaultMavenResourcesFiltering - Copying 1 resource
2023-01-14 15:09:22,839 [Worker-162: Building] INFO  o.a.m.s.f.DefaultMavenResourcesFiltering - Copying 0 resource
2023-01-14 15:09:22,842 [Worker-162: Building] INFO  o.a.m.s.f.DefaultMavenResourcesFiltering - skip non existing resourceDirectory C:\Users\DiamondBrown\OneDrive - Xpanxion\Documents\GitHub\Stack-Pack-Empire\ADP_Capstone\src\test\resources
2023-01-14 15:09:24,976 [Worker-163: Building] INFO  o.a.m.s.f.DefaultMavenResourcesFiltering - Copying 1 resource
2023-01-14 15:09:25,053 [Worker-163: Building] INFO  o.a.m.s.f.DefaultMavenResourcesFiltering - Copying 0 resource
2023-01-14 15:09:25,056 [Worker-163: Building] INFO  o.a.m.s.f.DefaultMavenResourcesFiltering - skip non existing resourceDirectory C:\Users\DiamondBrown\OneDrive - Xpanxion\Documents\GitHub\Stack-Pack-Empire\ADP_Capstone\src\test\resources
2023-01-14 15:41:31,471 [Worker-162: Building] INFO  o.a.m.s.f.DefaultMavenResourcesFiltering - Copying 1 resource
2023-01-14 15:41:31,496 [Worker-162: Building] INFO  o.a.m.s.f.DefaultMavenResourcesFiltering - Copying 0 resource
2023-01-14 15:41:31,499 [Worker-162: Building] INFO  o.a.m.s.f.DefaultMavenResourcesFiltering - skip non existing resourceDirectory C:\Users\DiamondBrown\OneDrive - Xpanxion\Documents\GitHub\Stack-Pack-Empire\ADP_Capstone\src\test\resources
2023-01-14 15:41:33,637 [Worker-166: Building] INFO  o.a.m.s.f.DefaultMavenResourcesFiltering - Copying 1 resource
2023-01-14 15:41:33,649 [Worker-166: Building] INFO  o.a.m.s.f.DefaultMavenResourcesFiltering - Copying 0 resource
2023-01-14 15:41:33,651 [Worker-166: Building] INFO  o.a.m.s.f.DefaultMavenResourcesFiltering - skip non existing resourceDirectory C:\Users\DiamondBrown\OneDrive - Xpanxion\Documents\GitHub\Stack-Pack-Empire\ADP_Capstone\src\test\resources
